进行了罕贵替换： No39希望皇ホープ 被替换成了罕贵：【R】
进行了罕贵替换： グンザウルス 被替换成了罕贵：【N】
进行了罕贵替换： 青眼の白竜 被替换成了罕贵：【N】
进行了罕贵替换： 次元合成師 被替换成了罕贵：【N】
进行了罕贵替换： ガチガチガンテツ 被替换成了罕贵：【N】
进行了罕贵替换： マジシャンズヴァル璣リア 被替换成了罕贵：【GR】
进行了罕贵替换： 王宮のお触れ 被替换成了罕贵：【SR】
进行了罕贵替换： ブラッドマジシャン煉獄の魔術師 被替换成了罕贵：【SR】
进行了罕贵替换： ス璣ルドイン 被替换成了罕贵：【R】
进行了罕贵替换： 裁きの竜 被替换成了罕贵：【SR】
进行了罕贵替换： 銀河眼の光子竜 被替换成了罕贵：【SR】
进行了罕贵替换： デイブーカー 被替换成了罕贵：【N】
进行了罕贵替换： ライトサーペント 被替换成了罕贵：【N】
进行了罕贵替换： フォトンケルベロス 被替换成了罕贵：【N】
进行了罕贵替换： フォトンリザード 被替换成了罕贵：【N】
进行了罕贵替换： フォトンスラッシャー 被替换成了罕贵：【N】
进行了罕贵替换： リバースバスター 被替换成了罕贵：【N】
进行了罕贵替换： ツインフォトンリザード 被替换成了罕贵：【N】
进行了罕贵替换： No10白輝士イルミネーター 被替换成了罕贵：【N】
进行了罕贵替换： No20蟻岩土ブリリアント 被替换成了罕贵：【R】
进行了罕贵替换： フォトンリード 被替换成了罕贵：【N】
进行了罕贵替换： No39希望皇ホープ 被替换成了罕贵：【SR】
进行了罕贵替换： モンスタースロット 被替换成了罕贵：【N】
进行了罕贵替换： 聖なる鎧ミラーメール 被替换成了罕贵：【N】
进行了罕贵替换： ブラックフェザードラゴン 被替换成了罕贵：【SR】
进行了罕贵替换： 波動竜騎士ドラゴエクィテス 被替换成了罕贵：【SR】
进行了罕贵替换： デブリドラゴン 被替换成了罕贵：【N】
进行了罕贵替换： クイックシンクロン 被替换成了罕贵：【N】
进行了罕贵替换： 簡易融合 被替换成了罕贵：【N】
进行了罕贵替换： 古のルール 被替换成了罕贵：【N】
进行了罕贵替换： ダークコーリング 被替换成了罕贵：【N】
进行了罕贵替换： ブラックマジシャンガール 被替换成了罕贵：【UR】
进行了罕贵替换： 氷の女王 被替换成了罕贵：【UR】
进行了罕贵替换： ジェネクスニュートロン 被替换成了罕贵：【UR】
进行了罕贵替换： カオスエンドマスター 被替换成了罕贵：【UR】
进行了罕贵替换： 地球巨人ガイアプート 被替换成了罕贵：【UR】
进行了罕贵替换： 竜の騎士 被替换成了罕贵：【UR】
进行了罕贵替换： ッドデーモンズドラゴン 被替换成了罕贵：【N】
进行了罕贵替换： パワーツールドラゴン 被替换成了罕贵：【N】
进行了罕贵替换： エンシェントフェアリードラゴン 被替换成了罕贵：【N】
进行了罕贵替换： セイヴァースタードラゴン 被替换成了罕贵：【N】
进行了罕贵替换： セイヴァーデモンドラゴン 被替换成了罕贵：【N】
进行了罕贵替换： サイバーエンドドラゴン 被替换成了罕贵：【N】
进行了罕贵替换： 究極宝玉神インボードラゴン 被替换成了罕贵：【N】
进行了罕贵替换： XYZドラゴン璣ャノン 被替换成了罕贵：【N】
进行了罕贵替换： アームドドラゴンLV7 被替换成了罕贵：【N】
进行了罕贵替换： ホルスの黒炎竜LV8 被替换成了罕贵：【N】
进行了罕贵替换： FGD 被替换成了罕贵：【UTR】
进行了罕贵替换： ボルテックコング 被替换成了罕贵：【N】
进行了罕贵替换： 六武衆の師範 被替换成了罕贵：【N】
进行了罕贵替换： ボタニカルライオ 被替换成了罕贵：【N】
进行了罕贵替换： グラヴィティベヒモス 被替换成了罕贵：【N】
进行了罕贵替换： MHERO剛火 被替换成了罕贵：【N】
进行了罕贵替换： マスクチェンジ 被替换成了罕贵：【N】
进行了罕贵替换： MHEROヴェイパー 被替换成了罕贵：【N】
进行了罕贵替换： 青眼の究極竜 被替换成了罕贵：【GR】
进行了罕贵替换： DHEROBlooD 被替换成了罕贵：【UR】
进行了罕贵替换： 黒の魔法神官 被替换成了罕贵：【UR】
进行了罕贵替换： アイスブリザードマスター 被替换成了罕贵：【UR】
进行了罕贵替换： デスヴォルストガルフ 被替换成了罕贵：【SC】
进行了罕贵替换： トゥーンブラックマジシャンガール 被替换成了罕贵：【UR】
进行了罕贵替换： ブラックマジシャンズナイト 被替换成了罕贵：【SC】
进行了罕贵替换： 原始太陽ヘリオス 被替换成了罕贵：【UR】
进行了罕贵替换： DDアサイラント 被替换成了罕贵：【UR】
进行了罕贵替换： ブラックマジシャン 被替换成了罕贵：【R】
进行了罕贵替换： バスターブイダー 被替换成了罕贵：【N】
进行了罕贵替换： クリボー 被替换成了罕贵：【N】
进行了罕贵替换： ハネクリボー 被替换成了罕贵：【N】
进行了罕贵替换： 霞の谷の雷鳥 被替换成了罕贵：【N】
进行了罕贵替换： フムベルマジカル 被替换成了罕贵：【N】
进行了罕贵替换： ワームバルサス 被替换成了罕贵：【N】
进行了罕贵替换： AOJカタストル 被替换成了罕贵：【R】
进行了罕贵替换： 撲滅の使徒 被替换成了罕贵：【N】
进行了罕贵替换： 黒魔導 被替换成了罕贵：【N】
进行了罕贵替换： 疾風の暗黒騎士ガイア 被替换成了罕贵：【N】
进行了罕贵替换： 宝玉獣サファイアペガサス 被替换成了罕贵：【N】
进行了罕贵替换： Xセイバーパロムロ 被替换成了罕贵：【N】
进行了罕贵替换： Xセイバーパシウル 被替换成了罕贵：【N】
进行了罕贵替换： AOJサウザンドアームズ 被替换成了罕贵：【N】
进行了罕贵替换： ゴヨウガーディアン 被替换成了罕贵：【SR】
进行了罕贵替换： 黒いペンダント 被替换成了罕贵：【N】
进行了罕贵替换： Dモバホン 被替换成了罕贵：【N】
进行了罕贵替换： リボルバードラゴン 被替换成了罕贵：【SR】
进行了罕贵替换： シールドクラッシュ 被替换成了罕贵：【R】
进行了罕贵替换： トラップジャマー 被替换成了罕贵：【N】
进行了罕贵替换： デーモンの斧 被替换成了罕贵：【N】
进行了罕贵替换： ハンマーシュート 被替换成了罕贵：【N】
进行了罕贵替换： ブラッドヴォルス 被替换成了罕贵：【N】
进行了罕贵替换： ジャンクシンクロン 被替换成了罕贵：【R】
进行了罕贵替换： 時の魔術師 被替换成了罕贵：【N】
进行了罕贵替换： ニュードリュア 被替换成了罕贵：【N】
进行了罕贵替换： EHEROプリズマー 被替换成了罕贵：【NR】
进行了罕贵替换： 古代の機械究極巨人 被替换成了罕贵：【N】
进行了罕贵替换： 超魔導剣士ブラックパラディン 被替换成了罕贵：【R】
进行了罕贵替换： EHEROフイムウィングマン 被替换成了罕贵：【N】
进行了罕贵替换： 突進 被替换成了罕贵：【N】
进行了罕贵替换： サイバーツインドラゴン 被替换成了罕贵：【N】
进行了罕贵替换： EHEROシャイニングフアウィングマン 被替换成了罕贵：【R】
进行了罕贵替换： デステニードロー 被替换成了罕贵：【N】
进行了罕贵替换： ス璣ルドイン 被替换成了罕贵：【N】
进行了罕贵替换： 血の代償 被替换成了罕贵：【R】
进行了罕贵替换： ネクロガードナー 被替换成了罕贵：【N】
进行了罕贵替换： サイントソードマンLV3 被替换成了罕贵：【R】
进行了罕贵替换： ニュート 被替换成了罕贵：【N】
进行了罕贵替换： カードエクスクルーダー 被替换成了罕贵：【NR】
进行了罕贵替换： EHEROオーシャン 被替换成了罕贵：【NR】
进行了罕贵替换： トラップスタン 被替换成了罕贵：【N】
进行了罕贵替换： EHEROネクロダークマン 被替换成了罕贵：【R】
进行了罕贵替换： 青氷の白夜竜 被替换成了罕贵：【SR】
进行了罕贵替换： EHEROダークブライトマン 被替换成了罕贵：【N】
进行了罕贵替换： アルカナナイトジョーカー 被替换成了罕贵：【R】
进行了罕贵替换： 巨大化 被替换成了罕贵：【N】
进行了罕贵替换： リミッター解除 被替换成了罕贵：【N】
进行了罕贵替换： 王宮の弾圧 被替换成了罕贵：【N】
进行了罕贵替换： インフェルニティネクロマンサー 被替换成了罕贵：【N】
进行了罕贵替换： EHEROフォストマン 被替换成了罕贵：【R】
进行了罕贵替换： ボマードラゴン 被替换成了罕贵：【NR】
进行了罕贵替换： EHEROジアース 被替换成了罕贵：【R】
进行了罕贵替换： アサルトアーマー 被替换成了罕贵：【R】
进行了罕贵替换： ダストシュート 被替换成了罕贵：【N】
进行了罕贵替换： 魔封じの芳香 被替换成了罕贵：【R】
进行了罕贵替换： サイントソードマンLV5 被替换成了罕贵：【SR】
进行了罕贵替换： アームドドラゴンLV10 被替换成了罕贵：【R】
进行了罕贵替换： エンペラーストゥム 被替换成了罕贵：【NR】
进行了罕贵替换： クボンス 被替换成了罕贵：【N】
进行了罕贵替换： ブラックボンバー 被替换成了罕贵：【N】
进行了罕贵替换： 生贄の抱く爆弾 被替换成了罕贵：【N】
进行了罕贵替换： サイントソードマンLV7 被替换成了罕贵：【SR】
进行了罕贵替换： アルカナフォースEXTHELIGHTRULER 被替换成了罕贵：【R】
进行了罕贵替换： EHEROボルテック 被替换成了罕贵：【N】
进行了罕贵替换： アテナ 被替换成了罕贵：【NR】
进行了罕贵替换： 璣ラートマト 被替换成了罕贵：【N】
进行了罕贵替换： EHEROガイア 被替换成了罕贵：【NR】
进行了罕贵替换： 未来融合フューチャーフュージョン 被替换成了罕贵：【N】
进行了罕贵替换： 高等儀式術 被替换成了罕贵：【N】
进行了罕贵替换： ライトロードモンクエイリン 被替换成了罕贵：【N】
进行了罕贵替换： インフェルニティデーモン 被替换成了罕贵：【R】
进行了罕贵替换： ジェムタートル 被替换成了罕贵：【N】
进行了罕贵替换： リチュアビースト 被替换成了罕贵：【N】
进行了罕贵替换： 潜航母艦エアロシャーク 被替换成了罕贵：【N】
进行了罕贵替换： No83ギャラクシークィーン 被替换成了罕贵：【N】
进行了罕贵替换： ヴェルズオピオン 被替换成了罕贵：【SR】
进行了罕贵替换： ビッグジョーズ 被替换成了罕贵：【N】
进行了罕贵替换： Nグランモール 被替换成了罕贵：【N】
进行了罕贵替换： ボルトヘッジホッグ 被替换成了罕贵：【N】
进行了罕贵替换： 機皇帝ワイゼル∞ 被替换成了罕贵：【R】
进行了罕贵替换： ホワイトホーンズドラゴン 被替换成了罕贵：【R】
进行了罕贵替换： ブリザードドラゴン 被替换成了罕贵：【N】
进行了罕贵替换： 馬頭鬼 被替换成了罕贵：【NR】
进行了罕贵替换： 魔轟神イヴン 被替换成了罕贵：【N】
进行了罕贵替换： XXセイバーフォルトロール 被替换成了罕贵：【N】
进行了罕贵替换： 璣メラテックオーバードラゴン 被替换成了罕贵：【R】
进行了罕贵替换： オーバーロードフュージョン 被替换成了罕贵：【N】
进行了罕贵替换： ヴォルカニックバット 被替换成了罕贵：【N】
进行了罕贵替换： TGラッシュライノ 被替换成了罕贵：【N】
进行了罕贵替换： バスターショットマン 被替换成了罕贵：【N】
进行了罕贵替换： ブラックマジシャンガール 被替换成了罕贵：【SR】
进行了罕贵替换： 黄金のホムンクルス 被替换成了罕贵：【N】
以下在数据库中的卡片未被索引到（合计1384）：
光の角
王室前のガーディアン
ウェザーポート
満ち潮のマーマン
スロットマシーンAM7
弓を引くマーメイド
邪悪な儀式
闇の訪れ
天使の手鏡
ウォールシャドウ
迷宮変化
踊りによる誘発
ハンバーガーのシピ
粘着テープの家
ねずみ取り
亀の誓い
ダンシングソルジャー
ハングリーバーガー
クラブタートル
ドラゴンエッガー
タイムボマー
ダイヤモンドドラゴン
ダークゼブラ
ボアソルジャー
鉄腕ゴーム
三ツ首のギドー
魔菌
ドラゴンの秘宝
電撃鞭
魔性の月
イリュージョンシープ
魔女狩り
刻の封印
墓荒らし
猛吹雪
ガラスの鎧
世界の平定
魔法探査の石版
金属探知器
便乗
一族の掟
大騒動
検閲
炎の剣豪
メカファルコン
フライングマンティス
サイクロプス
マンモスの墓場
シルバーフォング
地獄の裁判
13人目の埋葬者
炎を操る者
深淵の冥王
ミラージュ
二つの口を持つ闇の支配者
北風と太陽
璣ングスモーク
伝説の剣豪MASAKI
伝説の剣
猛獣の歯
紫水晶
ポセイドンの力
森
荒野
草原
ッドポーション
火の粉
ファイヤーボール
網はずし
ルイーズ
ワイルドラプター
魔人デスサタン
魔人テラ
闇エネルギー
機械改造工場
体温の上昇
フォローウィンド
ゴブリンの秘薬
火あぶりの刑
メタルドラゴン
スパイクシードラ
スカイハンター
サンドストーン
鋼鉄の巨神像
ッサードラゴン
サ璣ュバスナイト
魔法除去
墓掘りグール
グムリン
砦を守る翼竜
岩窟魔人オーガロック
鎧蜥蜴
璣ラービー
魔物の狩人
地を這うドラゴン
鎧武者ゾンビ
轟きの大海蛇
水の踊り子
陸戦型バグロス
魔法のランプ
鉄のサソリ
ッグル
ラージマウス
オグン
人造人間7号
破壊のゴーム
インボーフラワー
ペイルビースト
でんきトカゲ
古代のトカゲ戦士
女王の影武者
ひょうすべ
陽気な葬儀屋
深海の戦士
朱い靴
暗黒の眠りを誘うルシファー
爆弾かめ虫
ランドスターの剣士
ヒューマノイドスライム
ワームドイク
ヒューマノイドドイク
リバイバルスライム
シャインアビス
仮面呪術師カースドギュラ
メル璣ド四面獣
女邪神ヌヴィア
死者の生還
ディフェンドスライム
女豹の傭兵
味方殺しの女騎士
紅蓮の女守護兵
ファイヤーソーサラー
ピクシーガーディアン
絵画に潜む者
夢魔の亡霊
首なし騎士
死霊伯爵
幻想召喚師
幻影の妖精
物資調達員
フォースフィールド
守護霊のお守り
サイクロンーザー
竜魂の力
霊魂消滅
暗黒の竜王
バーバリアン2号
牛魔人
闇道化師のサギー
壺魔人
幻想師ノーフェイス
海月ジェリーフィッシュ
闇晦ましの城
闇魔界の覇王
ケンタウロス
ミノケンタウロス
ゴースト王パンプ璣ング
悪魔の知恵
アイルの小剣士
地雷蜘蛛
シャドウグール
ガーゴイルパワード
TM1ランチャースパイダー
インボーフィッシュ
雷仙人
空の昆虫兵
ヤドカリュー
ダークエルフ
マタンゴ
バーバリアン1号
ガーネシアエファンティス
細菌感染
しびれ薬
吸血ノミ
天使の生き血
闇をかき消す光
イースター島のモアイ
フンドシップ
ブルーポーション
突風の扇
邪悪なるワームビースト
タイガーアックス
アックスイダー
森の住人ウダン
シーザリオン
コカローチナイト
パトロールロボ
タクヒ
泉の妖精
月明かりの乙女
海竜神
ドラゴンゾンビ
ランプの魔人
沼地の魔獣王
破壊神ヴァサーゴ
ニードルボール
竜殺者
水陸両用バグロス
ハデスの使い魔
スカルナイト
生命吸収装置
ダブルトラップ
投石部隊
デーモンテイマー
ドラゴンライダー
迎撃準備
陽動作戦
グイウイング
ドラゴンの宝珠
雷電娘々
封神鏡
霊子エネルギー固定装置
盗賊の極意
ジェノサイドウォー
ロスト
不吉な占い
体力増強剤スーパーZ
デビルコメディアン
アーマードフライ
グラッジ
異形の従者
ジャイアントマミー
八つ手サソリ
半蛇人サクズィー
財宝への隠し通路
おくびょうかゼ
マジシャンオブブラックカオス
バフォメット
有翼幻獣璣マイラ
遺言の仮面
仮面魔獣デスガーディウス
王家の神殿
聖獣セルケト
現世と冥界の逆転
スカルライダー
スカルライダーの復活
ダークアイズイリュージョニスト
ロケット戦士
悪夢の鉄檻
万力魔神バイサーデス
ジェンドデビル
ホーリーナイトドラゴン
ハーピィの羽根箒
シャイン璣ャッスル
サラマンドラ
火器付機甲鎧
璣ラースネーク
ガルマソードの誓い
ガルマソード
磁石の戦士α
磁石の戦士β
サイバティックワイバーン

催眠術
磁石の戦士γ
破壊輪
アクアの合唱
セベクの祝福
竜殺しの剣
悪魔のサイコロ
メタルフィッシュ
ッドアイズブラックメタルドラゴン
メタルデビルゾア
デビルゾア
電磁ミノ虫
トビペンギン
メガソニックアイ
妖精の贈りもの
2人3脚ゾンビ
ヤランゾ
振り子刃の拷問機械
精霊の鏡
魔霧雨
きまぐれの女神
ク璇トドラゴン
メテオドラゴン
大砲だるま
カエルスライム
ツルプルン
ダンシングエルフ
ゼラ
ゼラの儀式
デビルズミラー
悪魔鏡の儀式
ファイヤーウイングペガサス
千年原人
エビルナイトドラゴン
黒魔術のカーテン
ヂェミナイデビル
友情YUJYO
結束UNITY
ファラオの審判
遺言状
治療の神ディアンケト
厳格な老魔術師
トラップマスター
謎の傀儡師
自業自得
インフェルノハンマー
テーヴァ
スフィンクスアンドロジュネス
アンドロスフィンクス
闇道化師のペーテン
ヘルテンペスト
真紅眼の闇竜
ヘルフイムエンペラー
古代の機械合成獣
起動兵士デッドリボルバー
儀式降臨封印の書
疾風！凶殺陣
夜霧のスナイパー
サイントアビス
Nグローモス
鎧ネズミ
悪の無名戦士
トードマスター
ダークシェイド
アシッドクロウラー
モンラーバス
ヤシの木
ヨルムンガルド
ラムーン
オウィザード
戦場の死装束
デスバード
闇の芸術家
古代の遠眼鏡
あまのじゃくの呪い
タートルバード
バーストリターン
バブルショット
バブルイリュージョン
クイチャージ
防御輪
復活の墓穴
成功確率0%
EHEROエリクシーラー
ランサードラゴニュート
ヘリオストリスメギストス
Cドルフィーナ
璣ュー璣ューロイド
デコイロイド
ス璣ューロイド
暗黒プテラ
バイトロン
宇宙獣ガンギル
円盤ムス璣ー
ス璣ュー璣ューロイド
コンタクト
コーリングマジック
魂の共有コモンソウル
ダークシティ
デステニーミラージュ
大気圏外射撃
ワンダーガージ
スーパーチャージ
ソニックシューター
テールスイング
ジュラシックワールド
狩猟本能
生存本能
大噴火
大地震
サイバーオーガ
サイバーエスパー
魅惑の女王LV3
魅惑の女王LV5
魅惑の女王LV7
漆黒の魔王LV4
漆黒の魔王LV6
漆黒の魔王LV8
迷走悪魔
暴鬼
フイムオーガ
連爆魔人
地母神アイリス
女王親衛隊
コンボファイター
コンボマスター
獣人アス
ストームシューター
エーリアンベーダー
サイバーオーガ2
封魔一閃
カウンタークリーナー
リニア璣ャノン
一陣の風
ポジションチェンジ
リバースディメンション
チェーンヒーリング
バイロードサクリファイス
古代の整備場
古代の機械爆弾
古代の機械掌
古代の機械戦車
スケルエンジェル
昼夜の大火事
オーバーデステニー
ライトイイザー
ダメージポラリライザー
リターンソウル
Dカウンター
エッジハンマー
璣ッズガード
エターナルドッド
フュージョンガード
ヒーローメダル
デスサイクロン
イジアース
ヘルプロミネンス
紫炎の霞城
シャインスピリッツ
英雄変化リフクターイ
合成魔術
エーリアンサイコ
ダークネスソウル
EHEROグローネオス
ライカンスロープ
漆黒の名馬
平穏の賢者
フュージョニスト璣ラー
静寂の聖者
融合体駆除装置
クイジーファイヤー
ラストリゾート
ジェムフラッシュエナジー
集団催眠
ファイヤーウォール
中央突破
ヴォルカニックチャージ
異界空間Aゾーン
誘発召喚
閃光のバリアシャイニングフォース
プートクラッシャー
天魔神ノーラス
天魔神エンライズ
HERO'Sボンド
ダークグイ
眠り子
デスフット
怒りの海王
悪魔の鏡
ファイヤーデビル
プチリュウ
バビロン
火炎草
ダーク璣ラー
闇にしたがう者
ヒトデンチャク
サンダー璣ッズ
コピックス
ララライウーン
運命のろうそく
黒魔族のカーテン
死者の腕
デーモンビーバー
トモザウルス
はにわ
カルボナーラ戦士
蜘蛛男
カオスウィザード
一眼の盾竜
ストーンアルマジラー
ハードアーマー
魔装騎士ドラゴネス
ホログラー
ソリテュード
ラーバス
璣ラーザクロー
森の屍
物陰の協力者
マグネッツ1号
マグネッツ2号
ドローバ
青眼の銀ゾンビ
マンイーター
Dナポオン
魅惑の怪盗
アサシン
カクタス
機械の巨兵
ホーリードール
マ璣ャノン
アーマードスターフィッシュ
生き血をすするもの
エルディーン
ガニグモ
カマ璣ラー
恐竜人
璣ラーパンダ
地雷獣
デスストーカー
ナイル
眠れる獅子
封印の鎖
魔界のイバラ
屋根裏の物の怪
バロックス
フラワーウルフ
深海に潜むサメ
プラグティカル
神魚
エンゼルイヤーズ
死の沈黙の天使ドマ
ハンタースパイダー
モリンフェン
エンシェントエルフ
黒い影の鬼王
アブソリューター
舌魚
ドラゴヒューマン
トラコドン
グードビル
ウォーターガール
死神のドクロイゾ
闇の暗殺者
陰陽師タオ
璣ャッツフェアリー
マグナムリリィ
フイムヴァイパー
青虫
トゲトゲ神の殺虫剤
永遠の渇水
戦士抹殺
トント
カラス天狗
ダンジョンワーム
ルードカイザー
響女
マジカルゴースト
ディスクマジシャン
Bプラント
泥に潜み棲むもの
カッターロボ
ウィングエッグエルフ
氷
マスターアンエ璣スパート
スネークパーム
避雷針
裁きを下す女帝
バラに棲む悪霊
海の竜王
璣ャットディ
ダイスアルマジロ
冠を戴く蒼き翼
スコール
ボルトエスカルゴ
インプ
ゼミアの神
グリフォール
ゴ璣ボール
サイガー
氷水
ツンドラの大蠍
冥界の番人
シャベルクラッシャー
コケ
笑う花
バーグラー
王座の守護者
プリズマン
コマンダー
テンダネス
カニカブト
裁きの鷹
魔導騎士ギルティア
フイムケルベロス
エアイーター
ロイヤルガード
ギガント
アイアンハート
ダーク璣メラ
クラッシュマン
大食いグール
クイジーフィッシュ
ゲート璣ーパー
機械の兵隊
鎧武者斬鬼
璣ラーマシーン
呪われし魔剣
マーダーサーカスゾンビ
東方の英雄
ウンディーネ
アンモナイト
ッドエース
トゥーンアリゲーター
アルラウネ
プリヴェントラット
密林の黒竜王
巨大な怪鳥
死王リッチーロード
闇王プロメティス
ミストデーモン
疫病狼
サクリファイスソード
ヴィシュワランディー
ウェザーコントロール
ウォーターエメント
ガーゴイル
風の番人ジン
グロス
ゴースト
サターナ
スピック
聖なる鎖
ゾンビランプ
ダークプラント
太古の壺
ディッグビーク
手招きする墓場
ドローン
とろける赤き影
ナイトメアスコーピオン
ハリケル
人喰い植物
ファイヤーアイ
ファランクス
ヘルゲートディーグ
ホーリーパワー
魔頭を持つ邪竜
未熟な悪魔
ミッドナイトデビル
ヤマタノ竜絵巻
闇を司る影
イビルラット
インセクション
ウィルミー
ウッドジョーカー
エンジェル魔女
オシロヒーロー
魚ギョ戦士
ザリガン
深淵に咲く花
ストーンゴースト
魂を狩る者
デッドシャーク
バット
ビーンソルジャー
ベビーティーックス
骨ネズミ
ホワイトドルフィン
メギラスライト
ロックメイス
ワイバーン
闇の破神剣
覚醒
未熟な密偵
命ある花瓶
命を食する者
岩の戦士
音女
グートホワイト
ゴルゴイル
サファイヤリサーク
斬首の美女
シーホース
ジャジメントザハンド
髑髏の寺院
ドリアード
バーサーカー
復讐のカッパ
本の精霊ホークビショップ
魔界の機械兵
サイボーグバス
水陸の帝王
紅葉の女王
戦いの神オリオン
山の精霊
誕生の天使
ビックアント
セイントバード
デビルクラーケン
海原の女戦士
璣ラーブロッブ
ブイブシザー
シーカーメン
ガンロック
暗黒魔神ナイトメア
ゴーゴンエッグ
フェアリードラゴン
異国の剣士
ゾーンイーター
アクアドラゴン
黒き人食い鮫
ウイングイーグル
ヴェノムスネーク
ヴェノムボア
ヴェノムサーペント
暴風雨
上昇気流
ディザーム
サクリファイスロータス
スプリットDローズ
アルケミーサイクル
サイバネティックヒドゥンテクノロジー
マシンアタッカー
屍を貪る竜
インボーマリンマーメイド
メデューサの亡霊
水の魔導師
ベヒゴン
3万年の白亀
オオカミ
クロコダイラス
アクアスネーク
ウェザ
異次元からの侵略者
くちばしヘビ
タートル狸
コロガーシ
テンタクルプラント
ポットザトリック
魔界植物
ブラ璣オイドス
金色の魔象
ソウルハンター
マリンビースト
ガルヴァス
パロットドラゴン
天空竜
ガルーザス
剣竜
首狩り魔人
風の精霊
ミノタウルス
岩石の精霊
セイーン
岩石カメッター
海を守る戦士
竜魂の石像
メカオン
ゲールドグラ
カイザードラゴン
紅陽鳥
砂の魔女
スケルゴン
メタルガーディアン
古代魔導士
デビルドラゴン
転職の魔鏡
魔天老
ストーンドラゴン
千年ゴーム
メガザウラー
美しき魔物使い
地獄の魔物使い
きのこマン
グラップラー
ナイトリザード
月の使者
グリフォンの翼
スカルビショップ
デビルボックス
シャドウファイター
仮面道化
マウンテンウォーリアー
時の魔人ネクロランサ
ジャグラー
月の女神エルザェム
ダークプリズナー
魔人銃
なぞの手
ヘルバウンド
悟りの老樹
緑樹の霊王
デビルツムリ
デビルスネーク
ルートウォーター
モンスタートル
チェンジスライム
マグマン
ウォーアース
暗黒火炎竜
モウヤンのカー
邪剣男爵
ジャッジマン
デスソーサラー
人喰い宝石箱
復讐のソードストーカー
機械軍曹
ヴォルカニックラット
ヴェノムコブラ
Cパンテール
Cチッ璣ー
Cピニー
Cラーバ
Cモーグ
水面のアサ
幸運の笛吹き
ヴァリュアブルアーマー
巨人ゴーグル
サンライズガードナー
シャドウダイバー
フリントロック
グラビティボール
幻影コオロギ
デザートツイスター
儀式の供物
ホーリーフーム
ダークフーム
Nマリンドルフィン
EHEROマリンネオス
リバースオブネオス
コンバートコンタクト
コクーンパーティ
NEX
コクーンリボーン
ヴェノムスワンプ
ヴェノムショット
フリントアタック
鹵獲装置
異次元トンネルミラーゲート
ヒーロー逆襲
コクーンヴェール
スネークホイッスル
蛇神の勅命
反撃の毒牙
ヴェノムスプラッシュ
破滅へのクイックドロー
ストライクショット
マジック璣ャプチャー
トラップ璣ャプチャー
クイーンバード
クジャック
ファイヤークラーケン
ッドドラゴン
深き森の長老
ヴァル璣リー
メカニカルスネイル
炎を食らう大亀
リクイドビースト
ウィップテイルガーゴイル
オクトバーサー
サイコカッパー
ツインテール
ストーンジャイアント
フイム璣ラー
ビッグバンドラゴン
バーニングソルジャー
ミスターボルケーノ
ダークバット
鬼タンクT34
ガトリングバギー
スパイクヘッド
ギロチンクワガタ
隻眼のホワイトタイガー
島亀
翼を織りなす者
科学特殊兵
怨念集合体
死神ブーメラン
ガジェットソルジャー
女帝カマ璣リ
バイオ僧侶
ボーンハイマー
フイムダンサー
スフィラスディ
雷ウナギ
ガーゴイルの道化師
洞窟に潜む竜
リザード兵
ベイオウルフ
魔導紳士J
アメタルディ
アメタルソルジャー
アメタルヴァル璣リー
アメタルナイト
溶岩大巨人
シェイプスナッチ
魂喰らい
ポイズンマミー
ジャベリンビートル
ジャベリンビートルの契約
チャクラ
チャクラの復活
ローガーディアン
ローの祈り
要塞クジラ
要塞クジラの誓い
女剣士カナン
雲魔物アイオブザタイフーン
雲魔物ゴーストフォッグ
雲魔物ニンバスマン
雲魔物羊雲
雲魔物アシッドクラウド
雲魔物璣ロスタス
雲魔物アルトス
トラックロイド
ステルスロイド
エクスプスロイド
剣闘獣アクサンデル
剣闘獣スパルティクス
剣闘獣ディカエリィ
スイブエイプ
スパルタクァの呪術師
インフィニティダーク
マジックスライム
ゴブリン暗殺部隊
伝説の賭博師
EHEROカオスネオス
EHEROインフェルノウィング
スーパービークロイドステルスユニオン
剣闘獣ゲオルディアス
コンタクトアウト
ダイヤモンドダストサイクロン
召喚雲
宝札雲
フォッグコントロール
雲魔物のスコール
スペシャルデュアルサモン
剣闘獣の檻コロッセウム
剣闘獣の闘器ハルバード
剣闘獣の闘器グラディウス
休息する剣闘獣
グラディアルリターン
オーバーリミット
ナチュラルディザスター
パリィ
神速の具足
デストラクトサークルA
亜空間ジャンプ装置
不運なリポート
偉大なる戦士タイラー
EHEROヘルブラット
アーマーブイカー
EHEROワイルドサイクロン
EHEROヘルスナイパー
融合破棄
ヒーローズルール2
トーチゴーム
宝玉の解放
宝玉の樹
カウンタージェム
宝玉の双璧
サイバーウロボロス
DHEROダンクガイ
DHEROディパーテッドガイ
終焉の精霊
プリーステスオーム
デュアルランサー
プリズンクインデーモン
暗黒ヴェロ璣
メガ璣ャノンソルジャー
電磁蚊
ガイアフーム
ウィンドフーム
Nティンクルモス
ヴィシャスクロー
蜃気楼の筒
マジッククロニクル
次元誘爆
サイバネティックゾーン
終わりの始まり
アシッドイン
暗黒界の書物
虹の行方
デモンバルサムシード
ハンディ璣ャップマッチ！
決戦の火蓋
ミラクルフリッパー
DHEROドッドサーヴァント
アルカナフォースITHEMAGICIAN
アルカナフォースIIITHEEMPRESS
アルカナフォースIVTHEEMPEROR
アルカナフォースVITHELOVERS
アルカナフォースVIITHECHARIOT
アルカナフォースXVIIITHEMOON
アルカナフォースEXTHEDARKRULER
イカエル
ゴブリン偵察部隊
惑星からの物体A
竜の尖兵
救急救命
スピリットバーナー
コア濃度圧縮
コアバスター
調律師の陰謀
カースサイ璣ック
始祖神鳥シムルグ
雲魔物ストームドラゴン
ファントムドラゴン
スペーシアギフト
終焉の地
Dフォーメーション
魔法の歯車
ジャスティスワールド
閃光の宝札
能力調整
デッ璣ロック
虹の引力
Dフォーチュン
逆転する運命
死神の巡遊
アルカナコール
ライトリサインス
グラディアルチェンジ
アグッシブクラウディアン
血の沼地
ダイスインパクト
ウォータースピリット
スピードウォリアー
炎竜
精神同調波
コモンメンタルワールド
ミニチュアライズ
大地の騎士ガイアナイト
シールドウォリアー
スモールピースゴーム
ミッドピースゴーム
ダークスプロケッター
ダブルプロテクター
ゴロゴル
カバリスト
メンタルプロテクター
サイ罡ォールド
テ璣アタッカー
ライトロードプリーストジェニス
メカウサー
ツインバルドラゴン
伊弉凪
くノ一ウォリアー
ファラオの化身
ダークアサシン
大和神
寂々虫
騒々虫
マルチピースゴーム
ファイティングスピリッツ
ドミノ
ジャンクアタック
ライトニングチューン
サイ璣ックブイク
サイ璣ックインパルス
草薙剣
八尺勾玉
八汰鏡
ライトロードイピア
イクイップシュート
ガードブロック
悲劇の引き金
スターゲート
シンクロンリフクト
ブロークンブロッカー
サイコチャージ
サイコヒーリング
念導力
ライトロードバリア
インターセプト
ヒールウェーバー
アイヴィウォール
DマグネンU
Dチャッカン
Dクロックン
ガジェットドライバー
サーチストライカー
チェイススカッド
Cリペアラー
Cスネーク
Cシューター
Cコイル
パワーインジェクター
ストームサモナー
サイコジャンパー
ギガントセファロタス
ツクシー
カースドフィグ
マンモスゾンビ
ゴブリン陽動部隊
共闘するランドスターの剣士
タイガードラゴン
カードフリッパー
偽りの種
百機夜工
Dコード
Dパワーユニット
ポイズンチェーン
パラライズチェーン
アポート
フグランスストーム
不死式冥界砲
Ωメガネ
バトルマニア
コンフュージョンチャフ
シンクロストライク
リバイバルギフト
破壊神の系譜
ドッペルゲイナー
Dゲイザー
サイコトリガー
竹頭木屑
王墓の網
DNA定後健診
マッシブウォリアー
チューニングサポーター
ギブ&テイク
リミッターブイク
ツインブイカー
ダークリペアラー
Dパッチン
アーケインファイロ
バスターマーセナリ
ライフコーディネイター
剣闘獣サムニテ
巨大戦艦ビッグコアMkII
ス璣ヤナー
砂漠の守護者
クロスソードハンター
ハチビー
トリプルヴァイパー
反目の従者
Dトロエンジン
バスターバースト
ReBUSTER
サイコソード
種子弾丸
六武ノ書
白銀のバリアシルバーフォース
ハーフorストップ
Dバリア
ブンD
バスタースラッシュ
サイコチューン
超能力治療
トロイの剣闘獣
柴戦士タロ
ダークヴァージャー
ローズテンタクルス
イービルソーン
Dビデオン
ガジェットアームズ
コア璣メイルヴァラファール
ゴーム
ミノケンサテュロス
強化人類サイコ
マスタージーグ
ギガストーンオメガ
ラヴァドラゴン
トラストマインド
憎悪の棘
ワンダークローバー
ダブルツールD&C
Dリペアユニット
緊急鋼核処分
緊急合成
サイコパス
至高の木の実
チューナー璣ャプチャー
オーバーデッドライン
ウィ璣ッドリボーン
クリスパワー
オートマチックーザー
窮鼠の進撃
ボーンテンプルブロック
ツバメ返し
パワードチューナー
弱者の意地
ゴームドラゴン
スピード璣ング☆スカルフイム
スカルコンダクター
サニーピクシー
サンライトユニコーン
DマグネンI
ダークシース璣ュー
ダークシーフロート
コア璣メイルスピード
コア璣メイルトルネード
コア璣メイルフルバリア
スケイルモース
神竜アクアバザル
シャークザクルー
アーマードサイ璣ッカー
マジ璣ャット
サイボーグドクター
ホワイトポータン
XXセイバーイジグラ
エンシェントクリムゾンエイプ
ハイドロプッシャーカノン
剣の煌き
エンシェントリーフ
妖精の風
フォーチュンスリップ
デプスアミュット
ダメージトランスーション
バトルテポーテーション
コアの再練成
鋼核の輝き
サイコソウル
大番狂わせ
グルス
ソリテアマジカル
ダークスパイダー
グランドスパイダー
サクリファイススパイダー
スパイダースパイダー
マザースパイダー
プティスメデューサ
コア璣メイルシーパンサー
チューンドマジシャン
樹海の射手
紅蓮魔闘士
エナジーブイブ
オシャオン
スパイダーウェブ
サベージコロシアム
アタックフェロモン
モルティングエスケープ
プティススポーン
鋼核収納
金剛真力
未来王の予言
フォーチュンインハーリット
スパイダーエッグ
無抵抗の真相
地縛神の咆哮
極限への衝動
インフェルニティフォース
能力吸収コア
ヴィクティムカウンター
デュアルブースター
リチュアルバスター
破邪の刻印
紅蓮の指名者
シールドワーム
アンサイクラー
ヴィークラー
トライクラー
血涙のオーガ
パワーサプライヤー
マジックホールゴーム
ソードマスター
薔薇の妖精
プティスサーヴァント
泣き神の石像
インフォーマースパイダー
XXセイバーガルセム
ブラックポータン
シュツダー
軍荼利
プティスアンガー
アドバンスフォース
太陽の祭壇
ロケットパイルダー
ブイクドロー
パワーピカクス
蜘蛛の領域
マシンデベロッパー
昇華する魂
儀式の檻
無欲な壺
シンクロコントロール
チェンジデステニー
リフクトネイチャー
スネークチョーク
メテオプロミネンス
栄誉の贄
デストラクトポーション
死神の呼び声
コアブラスト
セイバーホール
機械王BC3000
エーリアンブイン
チェンジシンクロン
インターセプトデーモン
ドッドドラゴン
トラストガーディアン
シンクロマグネーター
インフェルニティリローダー
返り咲く薔薇の大輪
マジドッグ
エ璣リン
エ璣ツネ
エ璣ツツ璣
記憶破壊王
デルタトライ
トライゴン
AOJコアデストロイ
ZEROMAX
奇跡のピラミッド
ドラゴンーザー
エ璣ューブ
電磁シールド
ワームコール
氷結界の三方陣
鋼核初後化
墓地封印
シャイニングアブソーブ
インフェルニティリフクター
ハンドスフェイク
アサルトスピリッツ
ブロッサムボンバー
Dスクランブル
パワーブイク
コア璣メイルの障壁
異次元への隙間
シンクロイジェクション
ラピッドウォリアー
シンクロンエクスプローラー
ハーフシャット
荒野の大竜巻
灰塵王アッシュガッシュ
エクトロ軍曹
ヴァイロンデルタ
ジャンクディフェンダー
聖騎士ジャンヌ
ローズウィッチ
幻影の魔術士
ブルーローズドラゴン
インフェルニティナイト
茫漠の死者
ファイターズエイプ
クローザーフォスト
吠え猛る大地
マジシャンズエイプ
No16色の支配者ショックルーラー
No11ビッグアイ
幻影王ハイドライド
天狼王ブルーセイリオス
No22不乱健
発条装攻ゼンマイオー
MXセイバーインヴォーカー
No50ブラックコーン号
No15ギミックパペットジャイアント璣ラー
オヤコーン
BF白夜のグラディウス
No40ギミックパペットヘブンズストリングス










BF煌星のグラム
BF極夜のダマスカス
炎星皇チョウライオ
No69紋章神コートオブアームズ
No88ギミックパペットデステニーオ










サンダーシーホース
マイティウォリアー










ドドドバスター
ギミックパペットネクロドール
ギミックパペットマグネドール
先史遺産トゥーラガーディアン
三段腹ナイト
機械竜パワーツール
妖精竜エンシェント
ズババジェネラル
ジャンクパペット
先史遺産都市バビロン
ホープバスター
閃珖竜スターダスト










以下在SQL中的卡片未被索引到（合计1480）：
13人目の埋葬者
闇晦ましの城
プートクラッシャー
悪魔のサイコロ
ミラクルフリッパー
コア璣メイルトークン
ラピッドウォリアー
一族の掟
魔法の歯車
エ璣リン
猛吹雪
ウォータースピリット
プリヴェントラット
髑髏の寺院
ドローン
ナンバーズウォール
エクスプスロイド
デッ璣ロック
魔物の狩人
八汰鏡
アメタルナイト
ドラゴンの秘宝
ハチビー
スペーシアギフト
璣ャッツフェアリー
ワイルドラプター
次元誘爆
傀儡儀式パペットリチューアル
ひょうすべ
トラップ璣ャプチャー
ナイトバタフライアサシン
伝説の賭博師
ガトリングバギー
No69紋章神コートオブアームズ
水の踊り子
スカルビショップ
剣闘獣サムニテ
異形の従者
フイムヴァイパー
ミラージュ
グラップラー
魔頭を持つ邪竜
ドラゴンエッガー
戦いの神オリオン
スイブエイプ
フライングマンティス
タクヒ
火器付機甲鎧
ランドスターの剣士
シュツダー
魂を狩る者
ローガーディアン
ダブルトラップ
ウォーターエメント
スロットマシーンAM7
超巨大空中宮殿ガンガリディア
サイコチューン
スーパービークロイドステルスユニオン
マジックスライム
ホーリーパワー
シェイプスナッチ
島亀
妖精竜エンシェント
紅葉の女王
サイ璣ックブイク
先史遺産都市バビロン
オウィザード
MXセイバーインヴォーカー
古代の機械爆弾
ヴェノムスプラッシュ
吠え猛る大地
闇エネルギー
有翼幻獣璣マイラ
ダンシングソルジャー
Ωメガネ
怨念集合体
マウンテンウォーリアー
インフォーマースパイダー
ミノタウルス
EHEROマリンネオス
先史遺産トゥーラガーディアン
バーニングソルジャー
首なし騎士
サイクロンーザー
サクリファイスロータス
ヒューマノイドドイク
トビペンギン
泣き神の石像
女王の影武者
くちばしヘビ
ファイティングスピリッツ
邪悪なるワームビースト
バーグラー
エルディーン
コマンダー
伊弉凪
ホーリーナイトドラゴン
アポート
バロックス
幻影王ハイドライド
空の昆虫兵
百機夜工
モンラーバス
チュウボーンJrトークン
ゴルゴイル
メガソニックアイ
虹の行方
Bプラント
コケ
Dパワーユニット
茫漠の死者
サイコカッパー
電磁ミノ虫
コアの再練成
封印の鎖
璣ラースネーク
デプスアミュット
夜霧のスナイパー
デスバード
エアイーター
アルカナフォースITHEMAGICIAN
幻影の妖精
Dカウンター
コンボファイター
デスフット
大騒動
儀式降臨封印の書
ダークグイ
竜魂の石像
Dフォーチュン
ヴェノムボア
メタルドラゴン
スピードウォリアー
ララライウーン
岩石カメッター
地母神アイリス
ゴームドラゴン
樹海の射手
宝玉の解放
王座の守護者
ジュラシックワールド
タイガードラゴン
メカウサー
スカイハンター
イースター島のモアイ
カッターロボ
サンライトユニコーン
バトルイーグルトークン
ガンロック
ヒーローメダル
リターンソウル
オグン
ザリガン
ツバメ返し
璣ッズガード
ホログラー
紫炎の霞城
ランサードラゴニュート
カウンタージェム
水陸の帝王
天魔神エンライズ
ライトイイザー
磁石の戦士γ
クリスパワー
連爆魔人
3万年の白亀
ゴーゴンエッグ
エンシェントリーフ
ゴブリンの秘薬
狩猟本能
デルタトライ
ボルトエスカルゴ
ハイドロプッシャーカノン
コア璣メイルの障壁
世界の平定
エ璣ツツ璣
漆黒の名馬
アクアスネーク
返り咲く薔薇の大輪
邪悪な儀式
ッグル
シャインスピリッツ
暴鬼
漆黒の魔王LV6
女剣士カナン
フイムダンサー
女邪神ヌヴィア
銃士トークン
魔草トークン
CXyzComicsHeroLegendArthur
剣竜
ダークプラント
EHEROワイルドサイクロン
起動兵士デッドリボルバー
グートホワイト
ブロッサムボンバー
雲魔物ストームドラゴン
インフェルニティリローダー
鉄のサソリ
仮面呪術師カースドギュラ
人喰い宝石箱
ヘルプロミネンス
Nティンクルモス
コア濃度圧縮
深き森の長老
本の精霊ホークビショップ
サンダーオプショントークン
風紀宮司ノリト
きのこマン
八つ手サソリ
生命吸収装置
ヘルテンペスト
インターセプトデーモン
ブンD
幻想召喚師
メガ璣ャノンソルジャー
アルラウネ
惑星からの物体A
結束UNITY
魂の共有コモンソウル
海月ジェリーフィッシュ
ガルーザス
アンドロスフィンクス
ストーンジャイアント
ハリケル
紫水晶
粘着テープの家
悪魔の鏡
裁きを下す女帝
デステニーミラージュ
ガーゴイル
鹵獲装置
インフェルニティリフクター
綿毛トークン
綿毛トークン
ゴ璣ボール
極星獣トークン
スターシップスパイプーン
鎧蜥蜴
闇にしたがう者
サンダー璣ッズ
ハーフorストップ
ワルツトークン
スカルナイト
モンスタートル
機装天使エンジネル
ストームサモナー
シールドワーム
プティスサーヴァント
No74マジカルクラウンミッシングソード
マスタージーグ
検閲
ゲールドグラ
Cラーバ
鎧ネズミ
No49秘鳥フォーチュンチュン
生き血をすするもの
フリントアタック
テーヴァ
ブラ璣オイドス
コンタクト
カースサイ璣ック
斬首の美女
人造天使トークン
死の沈黙の天使ドマ
マザースパイダー
EHEROカオスネオス
古代の遠眼鏡
ヨルムンガルド
インフェルノハンマー
溶岩大巨人
屋根裏の物の怪
グランドスパイダー
ヘリオストリスメギストス
ゴーム
Cチッ璣ー
BF煌星のグラム
フォトントークン
タートル狸
現世と冥界の逆転
エーリアンブイン
ウッドジョーカー
アーマードスターフィッシュ
サクリファイスソード
天使の手鏡
Nグローモス
森の屍
雲魔物アシッドクラウド
破邪の刻印
暗黒火炎竜
海原の女戦士
デュアルブースター
ハーピィの羽根箒
ハーピィの羽根箒
ナチュラルディザスター
泥に潜み棲むもの
寂々虫
牛魔人
リバースオブネオス
聖騎士ジャンヌ
カースドフィグ
コアブラスト
怒りの海王
インフェルニティフォース
デストラクトポーション
偽りの種
チェンジスライム
ゴブリン陽動部隊
灰塵王アッシュガッシュ
ヒーロー逆襲
轟きの大海蛇
魔法除去
ダークアサシン
スネークチョーク
昼夜の大火事
ゲート璣ーパー
不運なリポート
死者の生還
ヘルフイムエンペラー
ダイヤモンドダストサイクロン
雲魔物ニンバスマン
ギミックパペットボムエッグ
フォーチュンインハーリット
ハードアーマー
先史遺産カブラの投石機
グルス
鎧武者ゾンビ
フェアリードラゴン
シャークザクルー
バーバリアン1号
鋼核収納
ロックメイス
クジャック
イカエル
Dトロエンジン
トライクラー
リザード兵
氷水
ブルーポーション
デストラクトサークルA
巨人ゴーグル
プティススポーン
プティストークン
骨ネズミ
ペイルビースト
ボアソルジャー
インボーフラワー
ダークエルフ
閃光のバリアシャイニングフォース
サイコヒーリング
ディフェンドスライム
反目の従者
集団催眠
スライムモンスタートークン
黒魔族のカーテン
EHEROインフェルノウィング
カバリスト
ライトロードバリア
水面のアサ
ピクシーガーディアン
クイチャージ
兵隊アリトークン
ヴェノムコブラ
セベクの祝福
遺言の仮面
スモールピースゴーム
呪われし魔剣
緑樹の霊王
メギラスライト
ローズウィッチ
火の玉トークン
オーバーリミット
念導力
荒野
ウィ璣ッドリボーン
アグッシブクラウディアン
海の竜王
魅惑の女王LV5
インボーフィッシュ
救急救命
ダブルプロテクター
自業自得
幻影の魔術士
深海の戦士
ドローバ
ガードブロック
グラディアルリターン
デビルゾア
ス璣ューロイド
魅惑の怪盗
振り子刃の拷問機械
振り子刃の拷問機械
シンクロンリフクト
ガーゴイルパワード
ロスト
細菌感染
チェンジデステニー
メタルデビルトークン
デコイロイド
チェーンヒーリング
アイルの小剣士
ジェノサイドウォー
サイコパス
剣闘獣の闘器グラディウス
マシンデベロッパー
マジ璣ャット
チェンジシンクロン
デビルボックス
機械改造工場
儀式の檻
死神のドクロイゾ
スペシャルデュアルサモン
Cシューター
デュアルランサー
ルードカイザー
蜘蛛の領域
静寂の聖者
ディザーム
ジャベリンビートル
ファイヤーウイングペガサス
手招きする墓場
ファイヤーソーサラー
バーストリターン
DNA定後健診
柴戦士タロ
ペンデュラムトークン
雷ウナギ
魔霧雨
ロケットパイルダー
プリーステスオーム
チェイススカッド
腐乱犬
ジャジメントザハンド
竹頭木屑
プラントークン
BF白夜のグラディウス
HCクラスプナイフ
Dゲイザー
ダブルガイトークン
紅蓮の女守護兵
異次元からの侵略者
ワームコール
幻想師ノーフェイス
竜殺者
深海に潜むサメ
ミストデーモン
悪魔の知恵
ソリテアマジカル
ゴースト王パンプ璣ング
鋼鉄の巨神像
グラビティボール
ギミックパペットシザーアーム
ドラゴンーザー
Cピニー
破壊神の系譜
EHEROエリクシーラー
ヤドカリュー
体力増強剤スーパーZ
インボーマリンマーメイド
メデューサの亡霊
美しき魔物使い
グイウイング
ツインテール
王家の神殿
スネークパーム
おジャマトークン
おジャマトークン
おジャマトークン
マリンビースト
DマグネンU
ディッグビーク
サイバーウロボロス
アイヴィウォール
アイヴィトークン
鎧武者斬鬼
ジャッジマン
シンクロストライク
マジシャンオブブラックカオス
ハングリーバーガー
死神ブーメラン
ホープバスター
イリュージョンシープ
ライトロードイピア
スパルタクァの呪術師
ZEROMAX
ストライクショット
メカファルコン
シャドウグール
ロケット戦士
スカルライダーの復活
魂喰らい
バトルマニア
剣闘獣ディカエリィ
ヒールウェーバー
サイ璣ックインパルス
翼を織りなす者
不死式冥界砲
ミスターボルケーノ
ズババジェネラル
コア璣メイルフルバリア
リバイバルスライム
迎撃準備
デビルズミラー
マジシャンズエイプ
スプリットDローズ
Dローズトークン
大番狂わせ
サラマンドラ
隻眼のホワイトタイガー
ダーク璣メラ
スケルゴン
サベージコロシアム
竜魂の力
ルイーズ
バラに棲む悪霊
絵画に潜む者
コロガーシ
ドミノ
三段腹ナイト
砂の魔女
人造人間7号
天狼王ブルーセイリオス
一眼の盾竜
ヴォルカニックラット
ナイル
ポイズンチェーン
サイコソウル
コカローチナイト
ギガント
プラグティカル
ヴォルカニックチャージ
2人3脚ゾンビ
クラッシュマン
デッドシャーク
命ある花瓶
儀式の供物
メカニカルスネイル
炎を操る者
ガニグモ
鋼核の輝き
アルカナフォースVIITHECHARIOT
ダークシース璣ュー
山の精霊
ミニチュアライズ
ダメージトランスーション
ゴーストトークン
青眼の銀ゾンビ
刻の封印
マルチプルトークン
精神同調波
精霊の鏡
ヴァル璣リー
ライトリサインス
巨大な怪鳥
アルカナフォースIIITHEEMPRESS
エターナルドッド
アシッドイン
ジャスティスワールド
アンモナイト
ヴェノムサーペント
魔人デスサタン
璣ュー璣ューロイド
魔性の月
DHEROドッドサーヴァント
AOJコアデストロイ
シンクロンエクスプローラー
逆転する運命
炎竜
古代魔導士
ガラスの鎧
カクタス
バイロードサクリファイス
サイバーオーガ2
炎星皇チョウライオ
闇の破神剣
エンジェル魔女
HeraldryRecord
ウェザーコントロール
ストイックチャンジ
封神鏡
古代の機械戦車
デーモンテイマー
電撃鞭
トリプルヴァイパー
ッドエース
シードトークン
マシンアタッカー
虚構王アンフォームドボイド
ッドポーション
ダークアイズイリュージョニスト
ク璇トドラゴン
屍を貪る竜
女豹の傭兵
光の角
ワンダークローバー
アドバンスフォース
トラストマインド
カウンタークリーナー
アメタルソルジャー
音女
軍荼利
砂漠の守護者
氷
ルートウォーター
ダーク璣ラー
ストームシューター
ロイヤルガード
磁石の戦士β
チャクラの復活
決戦の火蓋
魔菌
ギミックパペットマグネドール
DHEROディパーテッドガイ
封魔一閃
影武者狸トークン
バスタースラッシュ
アーケインファイロ
水陸両用バグロス
ダークシェイド
眠れる獅子
ツインブイカー
おくびょうかゼ
マンモスの墓場
ソニックシューター
深淵に咲く花
烈華砲艦ナデシコ
バーバリアン2号
ハンドスフェイク
ヘルバウンド
クリボートークン
マグマン
古代の機械掌
エインヘリアルトークン
ヤシの木
ファイターズエイプ
陽気な葬儀屋
CX風紀大宮司サイモン
ローズテンタクルス
コーリングマジック
ジャベリンビートルの契約
璣ラーザクロー
CX機装魔人エンジェネラル
グムリン
冠を戴く蒼き翼
ツンドラの大蠍
物陰の協力者
カオスウィザード
ラヴァドラゴン
吸血ノミ
闇の暗殺者
大噴火
Cモーグ
トラコドン
避雷針
アーマードフライ
誕生の天使
No85クイジーボックス
魔天老
ねずみ取り
笑う花
剣闘獣アクサンデル
フイム璣ラー
ベビーティーックス
ガーゴイルの道化師
邪精トークン
Cドルフィーナ
森の住人ウダン
ナイトメアデーモントークン
ワームトークン
古代のトカゲ戦士
紅蓮の指名者
雲魔物璣ロスタス
璣ャットディ
エクトロ軍曹
踊りによる誘発
異次元トンネルミラーゲート
魔界のイバラ
マンモスゾンビ
コクーンリボーン
ローの祈り
ミノケンサテュロス
ポイズンマミー
Cパンテール
魔人銃
物資調達員
薔薇の妖精
機械軍曹
伝説の剣豪MASAKI
冥府の使者カイエントークン
スピノストークン
バイトロン
コンボマスター
機械の兵隊
セイバーホール
地雷獣
黒い影の鬼王
死神の呼び声
ヴァイロンデルタ
DマグネンI
騒々虫
暴風雨
闇をかき消す光
月の使者
猛獣の歯
ダメージポラリライザー
ファイヤーボール
黒焔トークン
黒焔トークン
紅蓮魔闘士
陰陽師タオ
トモザウルス
トラップマスター
マジカルゴースト
ファイヤークラーケン
紅陽鳥
ヒトデンチャク
ヒューマノイドスライム
岩の戦士
エ璣ツネ
バーサーカー
宝玉の双璧
サイバネティックゾーン
ウイングイーグル
宝玉の樹
チューンドマジシャン
ラヴァルトークン
運命のろうそく
荒野の大竜巻
ボーンテンプルブロック
天使の生き血
天使の生き血
王室前のガーディアン
シーホース
マジドッグ
ガジェットアームズ
千年ゴーム
蜃気楼の筒
サンダーシーホース
復讐のカッパ
ブロックトークン
アックスイダー
閃光の宝札
アサシン
ジュラックトークン
剣の煌き
天魔神ノーラス
便乗
トライゴン
催眠術
草薙剣
サイバティックワイバーン
終焉の地
仮面魔獣デスガーディウス
No88ギミックパペットデステニーオ
人喰い植物
CX超巨大空中要塞バビロン
デスソーサラー
魔法探査の石版
ヘルゲートディーグ
ジャグラー
オオカミ
融合破棄
アイアンハート
異次元への隙間
タイガーアックス
タイガーアックス
メタボトークン
Dスクランブル
ファントムドラゴン
ガーネシアエファンティス
超能力治療
復讐のソードストーカー
電磁蚊
朱い靴
魅惑の女王LV7
しびれ薬
ダークヴァージャー
サイボーグバス
破壊神ヴァサーゴ
EHEROヘルスナイパー
EHEROヘルブラット
スピリットバーナー
パワードチューナー
ワンダーガージ
シンクロマグネーター
メタルデビルゾア
エンシェントクリムゾンエイプ
チューナー璣ャプチャー
イジアース
サイボーグドクター
宇宙獣ガンギル
ダンジョンワーム
体温の上昇
網はずし
No50ブラックコーン号
無欲な壺
魔導騎士ギルティア
薔薇の聖弓手
ドッドドラゴン
ロックストーントークン
スフィラスディ
パリィ
プリズンクインデーモン
暗黒ヴェロ璣
命を食する者
サイコジャンパー
剣闘獣の檻コロッセウム
闇道化師のペーテン
暗黒の眠りを誘うルシファー
死者の腕
Cコイル
No57奮迅竜トスラグーン
Cリペアラー
火炎草
深淵の冥王
ガイアフーム
ダークシティ
ファイヤーデビル
バブルショット
ビックアント
クイジーフィッシュ
墓地封印
グリフォール
魔界植物
バビロン
ドッペルトークン
ドッペルトークン
マイティウォリアー
リチュアルバスター
謎の傀儡師
サクリファイススパイダー
ヴェノムスワンプ
No54反骨の闘士ライオンハート
ガジェットドライバー
カルボナーラ戦士
満ち潮のマーマン
幻蝶の刺客オオルリ
風の精霊
金色の魔象
No16色の支配者ショックルーラー
ホーリーフーム
デスストーカー
六武ノ書
ウォーターガール
パワーサプライヤー
能力吸収コア
ギミックパペットナイトメア
サファイヤリサーク
サ璣ュバスナイト
突風の扇
転職の魔鏡
召喚雲
ッサードラゴン
ギブ＆テイク
ポットザトリック
グリフォンの翼
サイコトリガー
グードビル
疫病狼
壺魔人
モリンフェン
死王リッチーロード
でんきトカゲ
ファラオの審判
メタルフィッシュ
万力魔神バイサーデス
万力魔神バイサーデス
スパイダーエッグ
スパイダートークン
ReBUSTER
蜘蛛男
地縛神の咆哮
マグネッツ1号
ベイオウルフ
戦場の死装束
ギミックパペットギアチェンジャー
くノ一ウォリアー
雲魔物羊雲
雲魔物トークン
幻影コオロギ
永遠の渇水
コクーンヴェール
イビルラット
ッドドラゴン
メテオプロミネンス
不吉な占い
未来王の予言
二つの口を持つ闇の支配者
アンサイクラー
亜空間ジャンプ装置
ワイバーン
爆弾かめ虫
金剛真力
サンライズガードナー
雲魔物アイオブザタイフーン
ジェムフラッシュエナジー
シャドウダイバー
テンダネス
ドドドバスター
エーリアンサイコ
モウヤンのカー
フイムオーガ
BF極夜のダマスカス
漆黒の魔王LV8
陸戦型バグロス
生存本能
サイ罡ォールド
防御輪
バイオ僧侶
悪夢の鉄檻
女帝カマ璣リ
シーザリオン
ミッドピースゴーム
ラージマウス
オートマチックーザー
ツルプルン
デスサイクロン
トゥーンアリゲーター
コアバスター
インターセプト
ダークゼブラ
ゴロゴル
古代の整備場
ダイスインパクト
ダンシングエルフ
デモンバルサムシード
デモンバルサムトークン
グロス
血の沼地
スケルエンジェル
テンタクルプラント
ヴェノムショット
仔羊トークン
仔羊トークン
フイムケルベロス
ブロークンブロッカー
異界空間Aゾーン
コモンメンタルワールド
アルカナフォースIVTHEEMPEROR
ゴースト
竜殺しの剣
時の魔人ネクロランサ
トラックロイド
暗黒界の書物
ダークスプロケッター
悲劇の引き金
墓荒らし
伝説の剣
平穏の賢者
ウォーアース
月の女神エルザェム
要塞クジラ
ダイヤモンドドラゴン
クンガトークン
トードマスター
アーマードサイ璣ッカー
パロットドラゴン
スカルコンダクター
死神の巡遊
なぞの手
イクイップシュート
緊急鋼核処分
ドラゴンライダー
闇を司る影
ウォールシャドウ
魔人テラ
ポジションチェンジ
ストーンアルマジラー
ミラージュトークン
聖なる鎖
一陣の風
ゾンビランプ
幻蝶の護り
フォッグコントロール
スピード璣ング☆スカルフイム
虹の引力
ブイクドロー
未熟な悪魔
リニア璣ャノン
サイバーオーガ
メテオドラゴン
ッドアイズブラックメタルドラゴン
ッドアイズブラックメタルドラゴン
終焉の精霊
イーバトークン
迷宮変化
響女
コピックス
氷結界の三方陣
憎悪の棘
アルケミーサイクル
チャクラ
味方殺しの女騎士
弓を引くマーメイド
エ璣ューブ
璣ラーブロッブ
邪神トークン
マッシブウォリアー
Dチャッカン
ドッペルゲイナー
エビルナイトドラゴン
闇道化師のサギー
アイスコフュントークン
ドラゴンゾンビ
ゴブリン暗殺部隊
奇跡のピラミッド
ウンディーネ
鬼タンクT34
死霊伯爵
ダークバット
ハンディ璣ャップマッチ！
地を這うドラゴン
科学特殊兵
先史遺産マッドゴームシャ罡璣
コンフュージョンチャフ
ヂェミナイデビル
デビルドラゴン
マグナムリリィ
アンブラルミラージュトークン
きまぐれの女神
神竜アクアバザル
ジャンクパペット
夢魔の亡霊
機械竜パワーツール
スケイルモース
ジャンクディフェンダー
陽動作戦
ストーンドラゴン
メタルガーディアン
デーモンの将星
妖精の贈りもの
ケンタウロス
カエルスライム
幸運の笛吹き
アタックフェロモン
コア璣メイルスピード
TylertheGreatWarrior
クイジーファイヤー
クイジーファイヤートークン
岩窟魔人オーガロック
アブソリューター
カマ璣ラー
守護霊のお守り
ゼラ
コンタクトアウト
スパイダーウェブ
闇魔界の覇王
舌魚
フグランスストーム
インプ
魚ギョ戦士
ガルヴァス
アルカナフォースEXTHEDARKRULER
霊魂消滅
幻魔トークン
ダイスアルマジロ
ツインバルドラゴン
ダークシーフロート
首狩り魔人
調律師の陰謀
グラッジ
フォースフィールド
星蝕トークン
機械王BC3000
Dコード
魔装騎士ドラゴネス
雷電娘々
インセクション
ヤランゾ
インフェルニティナイト
獣人アス
女王親衛隊
オシャオン
マルチピースゴーム
ローズトークン
バトルテポーテーション
シーカーメン
疾風！凶殺陣
シャベルクラッシャー
ウェザーポート
バット
融合体駆除装置
オーバーデステニー
コア璣メイルヴァラファール
ストーンゴースト
機械の巨兵
合成魔術
闇の芸術家
エナジーブイブ
カードフリッパー
ソウルハンター
フォーチュンスリップ
タートルバード
フュージョンガード
ハーフシャット
サンドストーン
クイーンバード
火あぶりの刑
火あぶりの刑
ワームドイク
No22不乱健
破壊のゴーム
妖精の風
終わりの始まり
オヤコーン
サニーピクシー
ヴェノムスネーク
璣ラーマシーン
羊トークン
羊トークン
羊トークン
羊トークン
英雄変化リフクターイ
八尺勾玉
ブイブシザー
Dフォーメーション
マジッククロニクル
ニードルトークン
コア璣メイルシーパンサー
オクトバーサー
裁きの鷹
能力調整
オーバーイ璣ャプチャー
クロスソードハンター
つぶコーントークン
シンクロイジェクション
半蛇人サクズィー
ス璣ヤナー
プチリュウ
メガザウラー
No40ギミックパペットヘブンズストリングス
マスターアンエ璣スパート
ヴィシャスクロー
イービルトークン
魔界の機械兵
プリンセスコロン
セイントバード
トリッ璣ートークン
ファランクス
金属探知器
記憶破壊王
トーチゴーム
トーチトークン
Dパッチン
フォトンア璣サンドラクィーン
ラムーン
デーモンビーバー
アメタルヴァル璣リー
巨大戦艦ビッグコアMkII
投石部隊
火の粉
マジック璣ャプチャー
サイクロプス
Dナポオン
ライフコーディネイター
ブラックポータン
千年原人
トロイの剣闘獣
CXyzBattleshipCherryBlossom
ディスクマジシャン
クロコダイラス
インフィニティダーク
エーリアンベーダー
ダークリペアラー
海竜神
ヤマタノ竜絵巻
パトロールロボ
亀の誓い
ポセイドンの力
バスターマーセナリ
竜の尖兵
バフォメット
Dバリア
XXセイバーガルセム
発条装攻ゼンマイオー
要塞クジラの誓い
デビルクラーケン
アシッドクロウラー
仮面道化
サターナ
あまのじゃくの呪い
ComicsHeroKingArthur
地獄の裁判
破滅へのクイックドロー
財宝への隠し通路
反撃の毒牙
カラス天狗
クローザーフォスト
ジャイアントマミー
ナイトリザード
三ツ首のギドー
ヴィシュワランディー
ガルマソードの誓い
Nマリンドルフィン
トント
ライトニングチューン
炎の剣豪
ビッグバンドラゴン
ジャンクアタック
ギガストーンオメガ
大地震
剣闘獣スパルティクス
月明かりの乙女
雲魔物アルトス
パラライズチェーン
バブルイリュージョン
強化人類サイコ
No11ビッグアイ
ハンタースパイダー
闇の訪れ
プリズマン
コクーンパーティ
シャドウファイター
スパイダースパイダー
蛇神の勅命
黒き人食い鮫
No44白天馬スカイペガサス
Cスネーク
ハンバーガーのシピ
サイガー
サーチストライカー
王墓の網
ドラゴヒューマン
デビルコメディアン
青虫
友情YUJYO
ソードマスター
神魚
太古の壺
種子弾丸
泉の妖精
おもちゃ箱
ヴィクティムカウンター
ゼミアの神
セイーン
ダークフーム
ゼラの儀式
ダークスパイダー
スネークホイッスル
未熟な密偵
NEX
悪魔鏡の儀式
デザートツイスター
オシロヒーロー
フンドシップ
ギガントセファロタス
闇王プロメティス
極限への衝動
ソウルトークン
ゴブリン偵察部隊
栄誉の贄
贄の石碑トークン
マジックホールゴーム
墓掘りグール
モータートークン
サイコチャージ
コンバートコンタクト
血涙のオーガ
デビルスネーク
宝札雲
岩石の精霊
大和神
シャイン璣ャッスル
ツクシー
ツクシトークン
オイスタートークン
ヴィークラー
リフクトネイチャー
無抵抗の真相
破壊輪
破壊輪
共闘するランドスターの剣士
雲魔物ゴーストフォッグ
ミッドナイトデビル
テールスイング
ライトロードプリーストジェニス
魔導紳士J
フリントロック
ファラオの化身
閃珖竜スターダスト
カニカブト
復活の墓穴
治療の神ディアンケト
治療の神ディアンケト
はにわ
エッジハンマー
ライカンスロープ
窮鼠の進撃
Dビデオン
神速の具足
ギロチンクワガタ
璣ングスモーク
ソリテュード
テ璣アタッカー
ドリアード
雷仙人
ビーンソルジャー
メンタルプロテクター
異国の剣士
北風と太陽
漆黒の魔王LV4
スパイクシードラ
イービルソーン
海を守る戦士
EHEROグローネオス
遺言状
アスモトークン
ディウストークン
ヒーローズルール2
弱者の意地
エンゼルイヤーズ
ゾーンイーター
アクアドラゴン
迷走悪魔
ダークネスソウル
ガジェットソルジャー
草原
古代の機械合成獣
邪剣男爵
悟りの老樹
サイントアビス
始祖神鳥シムルグ
メル璣ド四面獣
毒蛇トークン
パワーブイク
クローントークン
アサルトスピリッツ
オーバーデッドライン
魅惑の女王LV3
XXセイバーイジグラ
シャインアビス
トラストガーディアン
TM1ランチャースパイダー
TM1ランチャースパイダー
森
スパイクヘッド
厳格な老魔術師
暗黒の竜王
砦を守る翼竜
アーマーブイカー
スフィンクスアンドロジュネス
No15ギミックパペットジャイアント璣ラー
シンクロコントロール
昇華する魂
ファイヤーアイ
ナイトメアスコーピオン
CX熱血指導神アルティメットーナー
璣ラービー
聖獣セルケト
ハデスの使い魔
冥界の番人
暗黒魔神ナイトメア
No87雪月花美神クイーンオブナイツ
パワーインジェクター
ダークプリズナー
白銀のバリアシルバーフォース
No63おしゃもじソルジャー
プティスメデューサ
密林の黒竜王
恐竜人
東方の英雄
タイムボマー
雲魔物のスコール
Dリペアユニット
パワーピカクス
シャイニングアブソーブ
魔女狩り
魔女狩り
シルバーフォング
上昇気流
暗黒プテラ
ガルマソード
戦士抹殺
鉄腕ゴーム
剣闘獣ゲオルディアス
眠り子
電磁シールド
太陽の祭壇
インセクトモンスタートークン
プティスアンガー
Dクロックン
サイバーエスパー
クラブタートル
ホーリードール
鋼核初後化
ウィップテイルガーゴイル
サイコソード
ウィルミー
ドラゴンの宝珠
ホワイトドルフィン
ギミックパペットネクロドール
アメタルディ
リミッターブイク
HCアンブッシュソルジャー
マーダーサーカスゾンビ
チューニングサポーター
マグネッツ2号
サイバネティックヒドゥンテクノロジー
ギミックパペットナイトジョーカー
リクイドビースト
オプショントークン
エンシェントエルフ
幻魔の殉教者トークン
水の魔導師
洞窟に潜む竜
DHEROダンクガイ
バスターバースト
先史遺産ソルモノリス
マンイーター
マタンゴ
リバイバルギフト
ギフトデモントークン
ベヒゴン
スコール
ニードルボール
メカオン
カイザードラゴン
ラーバス
トゲトゲ神の殺虫剤
先史遺産アステカマスクゴーム
地雷蜘蛛
ファイヤーウォール
ミノケンタウロス
アクアの合唱
ヴァリュアブルアーマー
コア璣メイルトルネード
大食いグール
天空竜
シールドウォリアー
モルティングエスケープ
フラワーウルフ
誘発召喚
中央突破
真紅眼の闇竜
ウェザ
大気圏外射撃
大砲だるま
炎を食らう大亀
スターゲート
大地の騎士ガイアナイト
グラディアルチェンジ
悪の無名戦士
アルカナフォースXVIIITHEMOON
ムーントークン
アルカナフォースVITHELOVERS
地獄の魔物使い
円盤ムス璣ー
スーパーチャージ
風の番人ジン
ラストリゾート
スピック
ホワイトポータン
ステルスロイド
魔法のランプ
デビルツムリ
フォローウィンド
フュージョニスト璣ラー
覚醒
至高の木の実
ボーンハイマー
ウィングエッグエルフ
リバースディメンション
マ璣ャノン
璣ラーパンダ
ブルーローズドラゴン
休息する剣闘獣
とろける赤き影
ス璣ュー璣ューロイド
緊急合成
剣闘獣の闘器ハルバード
霊子エネルギー固定装置
アルカナコール
盗賊の極意
沼地の魔獣王
ランプの魔人
スカルライダー
ジェンドデビル
磁石の戦士α
黒魔術のカーテン
ウィンドフーム
以下在json上的卡片未被索引到（合计6）：
伝説の白き竜
伝説の闇の魔導師
トークン
トークン（神代璃緒）
トークン（観月小鳥）
希望の創造者
以下在数据库中的卡片未被链接至图像（合计1368）：
光之角
王室前的守护者
气象报告员
满潮鱼人
角子老虎机AM-7
拉弓的人鱼
邪恶的仪式
暗之拜访
天使的手镜
墙壁之影
迷宫变化
诱发之舞
汉堡的食谱
粘胶带之家
捕鼠夹
龟的誓言
舞蹈战士
饥饿的汉堡
蟹龟
蛋龙
定时炸弹
钻石龙
暗黑斑马
野猪士兵
铁腕巨人
三头基多
魔菌
龙之秘宝
电击鞭
魔性之月
幻想绵羊
魔女狩猎
刻之封印
盗墓者
猛吹雪
玻璃铠
世界平定
魔法探查石板
金属探知器
便乘
一族之规
大骚动
检阅
炎之剑豪
机械猎鹰
飞螳螂
独眼巨人
猛犸的墓场
银牙狼
地狱的裁判
第13人的埋葬者
火焰操纵者
深渊的冥王
幻象鸟
双口的暗之支配者
北风与太阳
烟之王
传说的剑豪 正树
传说之剑
猛兽之齿
紫水晶
波塞冬之力
森
荒野
草原
红色药剂
火星
火球
陷阱拆除
路易斯
荒野盗龙
魔人 死亡撒旦
魔人 泰拉
暗能量
机械改造工厂
体温上升
随风翼
哥布林的秘药
火刑
金属龙
尖刺海龙
天空猎手
沙石怪
钢铁巨神像
下级龙
女夜魔骑士
魔法除去
掘墓的食尸鬼
小精怪
守城的翼龙
岩窟魔人
铠蜥蜴
杀人蜂
魔物狩人
伏地龙
铠武者僵尸
轰鸣的大海蛇
水之舞女
陆战型战斗艇
魔法灯
铁蝎
百足虫
巨口
狮子王
人造人7号
破坏的石人
彩虹花
苍白兽
电气蜥蜴
古代的蜥蜴战士
女王的影武者
兵主部
开朗的殡葬师
深海战士
红靴子
诱发暗黑长眠的路西法
爆弹椿象
地星剑士
人形史莱姆
鳞虫
人形鳞虫
再生史莱姆
光辉深渊
假面咒术师 诅咒之喉
梅尔基多四面兽
女邪神 努维娅
死者生还
防御史莱姆
女豹佣兵
杀戮同伴的女骑士
红莲之女守护兵
火焰巫师
妖精守护者
绘画中的潜藏者
梦魔的亡灵
无头骑士
死灵伯爵
幻想召唤师
幻影妖精
物资调达员
力场
守护灵护符
旋风镭射
龙魂之力
灵魂消灭
暗黑之龙王
野蛮人2号
牛魔人
暗道化师 扎奇
壶魔人
无脸幻想师
水母
暗晦之城
暗魔界的霸王
人马兽
牛头人马兽
南瓜幽灵王
恶魔的智慧
艾尔的小剑士
地雷蜘蛛
影之食尸鬼
强化石像怪
TM-1火箭炮蜘蛛
彩虹鱼
雷仙人
空中的昆虫兵
寄居龙
暗精灵
蘑菇怪人
野蛮人1号
甘尼许巨象
细菌感染
麻药
吸血跳蚤
天使的鲜血
消除黑暗的光
复活节岛的摩艾石像
友谊天使
蓝色药剂
突风之扇
邪恶蠕虫兽
老虎斧战士
巨斧袭击者
森之住人 乌丹
海鳞蛇
蟑螂骑士
巡逻机器人
橐蜚
泉之妖精
月光少女
海龙神
龙僵尸
神灯魔人
沼地的魔兽王
破坏神 瓦沙克
针球
杀龙者
水陆两用战斗艇
哈·迪斯的使魔
骷髅骑士
生命吸收装置
二重陷阱
投石部队
恶魔驯服者
龙骑手
迎击准备
佯动作战
灰翼龙
龙之宝珠
雷电娘娘
封神镜
灵子能固定装置
盗贼的极意
灭绝战争
失落
不吉的占卜
体力增强剂超级Z
恶魔喜剧演员
甲蝇
咒怨
异形的从者
巨大木乃伊
八钳蝎
半蛇人 萨库兹
通向财宝的隐藏通路
癔病风
黑混沌之魔术师
巴风特
有翼幻兽 奇美拉
遗言之假面
假面魔兽 死亡护法师
王家的神殿
圣兽 塞勒凯特
现世与冥界的逆转
骷髅骑手
骷髅骑手的复活
邪眼幻想师
火箭战士
噩梦之铁栏
万力魔神 死亡拷问
传说的恶魔
圣夜龙
鹰身女妖的羽毛扫
光辉城堡
飞龙炎
附火器的机甲铠
杀人蛇
伽玛剑的誓言
伽玛剑
磁石战士α
磁石战士β
电子科技翼龙
奥西里斯之天空龙
催眠术
磁石战士γ
破坏轮
欧贝利斯克之巨神兵
水之合唱
太阳神之翼神龙
塞贝克的祝福
杀龙剑
恶魔的骰子
金属鱼
真红眼黑铁龙
金属恶魔 佐亚
恶魔 佐亚
电磁蓑衣虫
飞企鹅
超音速之眼
妖精的赠礼
2人3脚僵尸
宝箱鬼
单摆刃拷问机械
精灵之镜
魔雾雨
任性的女神
新月龙
流星之龙
大炮达磨
蛙形史莱姆
小水怪
舞蹈精灵
杰拉
杰拉的仪式
恶魔镜
恶魔镜的仪式
火翼飞马
千年原人
邪恶骑士龙
黑魔术的幕帘
双生恶魔
友情 YU-JYO
团结 UNITY
法老的审判
遗言状
治疗之神 迪安·凯特
严格的老魔术师
陷阱大师
谜之傀儡师
自业自得
业火之锤
提婆
斯芬克斯·安德鲁吉尼斯
斯芬克斯·安德鲁
暗道化师 彼得
地狱暴风
真红眼暗龙
狱火帝皇
古代的机械合成兽
起动士兵 死亡旋转者
仪式降临封印之书
疾风！凶杀阵
夜雾的狙击手
寂静深渊
新宇宙侠·光辉青苔
铠鼠
恶之无名战士
蛤蟆仙人
暗影
酸液爬虫
蒙·拉瓦斯
椰树
尤蒙刚德
月之魔法师
狮子男巫
战场的死装束
死亡鸟
暗之艺术家
古代的望远镜
天邪鬼的诅咒
龟鸟
爆热归还
水泡发射器
水泡幻影
黏土冲撞
防御轮
复活的墓穴
元素英雄 永生侠
枪兵龙人
三子太阳 赫利俄斯
茧状体·小海豚
小急救车
小诱饵车
小救援车
暗黑翼龙
咬噬龙
宇宙兽 冈吉尔
圆盘 姆斯基型
救援型小急救车
接触
神召魔法
魂之共有
暗黑都市
命运幻象
大气圈外射击
神奇车库
增压
音速射手
摆尾攻击
侏罗纪世界
狩猎本能
生存本能
大喷火
大地震
电子食人魔
电子超能人
魅惑的女王 LV3
魅惑的女王 LV5
魅惑的女王 LV7
漆黑之魔王 LV4
漆黑之魔王 LV6
漆黑之魔王 LV8
迷走恶魔
暴鬼
火焰食人魔
连爆魔人
地母神 艾莉丝
女王亲卫队
连击战士
连击大师
兽人 阿瑞斯
风暴射手
外星人侵略者
电子食人魔2
封魔一闪
指示物吸除器
线性加农炮
一阵之风
位置移动
反转次元
连锁治愈
小道里的牲祭
古代的整备场
古代的机械爆弹
古代的机械掌
古代的机械战车
骸骨天使
昼夜的大火事
超越命运
光之抹杀剑
伤害偏光盾
回魂
D-反击
金刃锤击
小子防御
无尽的恐惧
融合防御
英雄奖章
死亡旋风
狂怒大地
地狱日珥
紫炎的霞城
光明之灵
英雄变化-反光体
合成魔术
念力外星人
暗冥之魂
元素英雄 光辉新宇侠
合成狼人
漆黑的名马
平稳之贤者
融合体杀手
静寂之圣者
融合体驱除装置
狂焰
最后胜地
宝玉闪耀能量
集团催眠
火焰壁
中央突破
火山充能
异界空间-A地带
诱发召唤
闪光防护罩-光明之力-
板块轰击者
天魔神 诺雷拉斯
天魔神 恩莱兹
暗黑灰羚
睡眠之子
死亡之足
愤怒的海王
恶魔之镜
火焰恶魔
小龙
巴比伦
火炎草
暗黑杀手
黑暗随从者
海星葵
雷电小子
复印者
雷云怪
命运之蜡烛
黑魔族的窗帘
死者之腕
恶魔海狸
小恐龙
埴轮
炭烧战士
蜘蛛男
混沌男巫
独眼盾龙
岩石犰狳
坚硬铠甲
魔装骑士 德拉格尼斯
全息投影者
孤寂
拉瓦斯
利爪杀手
森之尸
阴暗处的协力者
磁力战士1号
磁力战士2号
泥浆兽
青眼银僵尸
食人花
暗黑拿破仑
魅惑的怪盗
暗杀者
卡库塔斯
机械巨兵
神圣人偶
魔加农
甲化海星
鲜血吮吸者
艾尔丁
蟹蛛
螳螂杀手
恐龙人
杀人熊猫
地雷兽
死亡潜行者
奈耳
睡狮子
封印之锁
魔界之棘
阁楼上的妖怪
巴洛克斯
花狼
潜伏深海的鲨鱼
尖刺龙
神鱼
耳天使
死之沉默天使 多玛
猎手蜘蛛
莫林芬
古代精灵
黑影之鬼王
绝对鸟
舌鱼
龙人
虎纹龙
大嘴
水之少女
死神骷髅
暗之暗杀者
阴阳师 道
猫妖精
枪管百合
火焰毒蛇
青虫
尖刺神的杀虫剂
永远的渴水
战士抹杀
特伦特
乌鸦天狗
迷宫的蠕虫
粗暴帝王
响女
魔法幽灵
圆盘魔术师
生化植物
泥浆潜居者
切割机器人
翼蛋精灵
冰
主人与能手
蛇椰树
避雷针
下达裁决的女帝
栖身蔷薇的恶灵
海之龙王
猫女郎
骰子犰狳
苍翼冠鸟
暴雨怪
电击蜗牛
小鬼
杰米亚之神
狮鹫兽卫
蟑螂球
犀牛
冰水
冻土带的大蝎
冥界的番人
铁铲粉碎机
雏鸡
笑花
强盗鼠
王座守护者
棱镜人
突击兵
温柔天使
甲壳蟹
裁决之鹰
魔导骑士 基尔提亚
火焰地狱犬
空气吸收者
王家守卫
铁球巨人
钢铁之心
暗黑奇美拉
撞击兽
贪食的食尸鬼
狂鱼
看门人
机械士兵
铠武者 斩鬼
杀人机器
被诅咒的魔剑
杀人小丑僵尸
东方英雄
温蒂妮
菊石骑士
红A
卡通鳄鱼
阿罗妮
硬毛鼠
密林的黑龙王
巨大怪鸟
死王 巫妖大君
暗王 普罗米修斯
迷雾恶魔
疫病狼
纳祭之剑
女夜魔战士
气象控制员
水元素
石像怪
风之番人 精
格洛斯
幽灵
萨塔那
大嘴鸟
神圣之锁
僵尸鬼灯
暗黑植物
太古之壶
鸟嘴兽
招手的墓场
多隆
溶化的赤影
梦魇蝎
飓风怪
食人植物
火眼
法兰克斯
地狱之门
神圣能量
魔头邪龙
未熟的恶魔
午夜恶魔
八俣龙绘卷
司暗的影子
邪恶老鼠
锯足锹形虫
威尔米
木灵小丑
天使魔女
电波英雄
鱼战士
龙虾怪
开在深渊的花
岩石幽灵
狩魂者
死亡鲨
机械蝙蝠
豌豆战士
小霸王龙
骨鼠
白海豚
梅基拉斯之光
心锁妖精
翼龙
暗之破神剑
觉醒
未熟的密探
有生命的花瓶
食命者
岩之战士
音女
大白鲨
钢铁魔人
青玉眼怪
斩首的美女
海马兽
审判之手
骷髅寺院
树精
狂战士
复仇的河童
书之精灵 飞鹰主教
魔界的机械兵
电子鱼
水陆的帝王
红叶之女王
战神 奥利安
山之精灵
诞生的天使
巨大蚂蚁
圣鸟
恶魔乌贼
海原的女战士
杀人污泥
剪刀勇士
深海切割手
机枪岩
暗黑魔神 梦魇
戈耳工蛋
妖精龙
异国的剑士
区域吞噬者
水精龙
黑色食人鲨
飞鹰
蛇毒响尾蛇
蛇毒巨蟒
蛇毒魔双蛇
暴风雨
上升气流
卸除武器
献祭之莲
分裂魔界蔷薇
炼金周期
电子隐秘技术
机器攻击者
贪尸龙
彩虹人鱼
美杜莎的亡灵
水之魔导师
大肚海蛇
3万年的白龟
狼
鳄鱼人
水蛇
气象精灵
来自异次元的侵略者
鸟嘴蛇
龟狸
屎壳郎
藤蔓植物
戏法壶
魔界植物
腕龙
金色的魔象
狩魂魔人
海兽鱼
加尔瓦斯
鹦鹉龙
天空龙
加鲁撒斯
剑龙
猎头魔人
风之精灵
牛头人
岩石之精灵
塞壬
岩石龟
守卫海洋的战士
龙魂之石像
变色龙
狂风毒蛾
帝王龙
红阳鸟
沙之魔女
骸骨龙
金属守护者
古代魔导士
恶魔龙
转职的魔镜
魔天老
岩石龙
千年石人
角龙
美丽的魔物使
地狱的魔物使
蘑菇人
捕猎蛇
蜥蜴骑士
月之使者
狮鹫之翼
骷髅祭司
恶魔箱
暗影战士
假面道化
山岳斗士
时间魔人 独眼死灵师
戏法师
月之女神 艾露塞姆
暗黑囚犯
魔人铳
谜之手
地狱亡灵
悟道的老树
绿树之灵王
恶魔蜗牛
恶魔蛇
根潭鱼人
怪龟
变形史莱姆
岩浆人
大地战士
暗黑火炎龙
魔族的咖喱
邪剑男爵
审判者
死亡巫师
食人宝石箱
复仇的潜行剑士
机械军曹
火山鼠
蛇毒眼镜蛇
茧状体·小黑豹
茧状体·小雏鸟
茧状体·小松茸
茧状体·小幼虫
茧状体·小鼹鼠
水面之艾瑞莎
幸运之吹笛人
贵甲螳螂
巨人 果戈尔
黎明守卫者
暗影潜伏者
火石战机
重力球
幻影蟋蟀
荒漠龙卷怪
仪式的供物
圣构体
暗构体
新宇宙侠·海洋海豚
元素英雄 海洋新宇侠
新宇侠的逆转
转变接触
茧状体派对
新宇宙侠界限
茧状体再生
蛇毒沼泽
蛇毒喷射
火石打击
虏获装置
异次元隧道-镜之门-
英雄逆袭
茧状衣
蛇哨
蛇神的敕命
反击的毒牙
蛇毒飞溅
步向破灭的速攻抽卡
强袭冲击
魔法捕获
陷阱捕获
女王鸟
孔雀
火焰乌贼
红龙
大森林的长老
女武神
机械蜗牛
食火的大龟
液体兽
鞭尾石像怪
章鱼怪
念力河童
双尾
岩石巨人
火焰杀手
爆炎龙
燃烧士兵
火山先生
暗黑蝙蝠
鬼坦克T-34
机关炮装甲车
尖钉头
断头台锹甲
独眼白虎
岛龟
织翼者
科学特殊兵
怨念集合体
死神回旋镖
齿轮战士
女帝螳螂
生化僧侣
骨海马
火焰舞者
蛇女郎
雷鳗
石像怪道化师
洞穴的潜龙
蜥蜴兵
贝奥武夫狼
魔导绅士-J
稀有金属女郎
稀有金属战士
稀有金属女武神
稀有金属骑士
熔岩大巨人
形体抓取者
食魂鱼
剧毒木乃伊
标枪甲虫
标枪甲虫的契约
查克拉
查克拉的复活
法理守护者
法理的祈祷
要塞鲸
要塞鲸的誓言
女剑士 迦南
阿莱沃
无敌流星
骷髅祭司 YASUSHI
山岳斗士 TOMOHIRO
暗道化师 MASAHIRO
云魔物-台风眼
云魔物-鬼雾
云魔物-雨云人
云魔物-羊云
云魔物-酸云
云魔物-卷层云
云魔物-高层云
小卡车
隐形小战机
特快小列车
剑斗兽 亚历山大
剑斗兽 斯巴达克斯
剑斗兽 双斗
奴隶猿
斯巴达咒术师
无限暗魔
魔法史莱姆
哥布林暗杀部队
传说的赌博师
元素英雄 混沌新宇侠
邪心英雄 业火翼魔
超级交通工具-隐形合体
剑斗兽 乔治
接触分离
钻尘旋风
召唤云
宝札云
雾气操控
云魔物的阵雨
特殊二重召唤
剑斗兽之槛-圆形斗技场
剑斗兽的斗器 长戟
剑斗兽的斗器 短剑
休息的剑斗兽
剑斗归还
超越界限
自然灾害
格挡
神速之具足
破坏环-A
亚空间跳跃装置
不运的报告
Get Your Game On!
破坏王 泽克泽克斯
命运之女王 伊特妮娅
魔导神的雕像
武道神的甲胄
兽王 奇美拉
闪电帝皇
伟大的战士 泰勒
邪心英雄 地狱小魔
铠甲破坏士
邪心英雄 荒野风魔
邪心英雄 地狱狙魔
融合破弃
英雄规则2
拷问巨人
宝玉的解放
宝玉之树
反击宝玉
宝玉之双璧
电子衔尾蛇
命运英雄 扣杀人
命运英雄 死逝人
终焉之精灵
圣音女祭司
双枪兵
幽狱王后恶魔
暗黑迅猛龙
大型加农炮兵
电磁蚊
地构体
风构体
新宇宙侠·星光青苔
堕恶之爪
蜃气楼之筒
魔法年代记
次元诱爆
电子科技区
终结之始
酸雨
暗黑界的书物
虹之行方
魔界凤仙花种
障碍赛！
决战之火盖
奇迹反转士
命运英雄 恐惧从者
秘仪之力1-魔术师
秘仪之力3-女帝
秘仪之力4-皇帝
秘仪之力6-恋人
秘仪之力7-战车
秘仪之力18-月亮
秘仪之力EX-暗之支配者
交换蛙
哥布林侦察部队
来自惑星的物体A
龙之尖兵
救急救命
灵魂火阵
核心浓度压缩
核心破坏炮
调律师的阴谋
念动力诅咒
始祖神鸟 斯摩夫
云魔物-风暴龙
幻龙
宇宙人礼物
终焉之地
D-构成
魔法齿车
正义世界
闪光之宝札
能力调整
卡组封锁
虹之引力
D-幸运
逆转的命运
死神的巡游
秘仪呼唤
光之回弹
剑斗变化
攻击性云魔物
血之沼地
骰子冲击
冰水精灵
高速战士
炎龙
精神同调波
共有精神世界
迷你化
大地之骑士 盖亚骑士
护盾战士
小块石人
中块石人
暗黑链齿怪
双盾防护者
滚滚球
秘学家
精神防护者
念力蜗牛
念动攻击者
光道祭司 珍妮丝
机械兔
双管手枪龙
伊奘凪
女忍战士
法老的化身
暗黑暗杀者
大和神
寂寂虫
骚骚虫
多块石人
斗魂
多米诺
废品坠击
电光调整
念动力休整
念动力脉冲
草薙剑
八尺勾玉
八汰镜
光道细剑
装备喷射球
护卫防壁
悲剧的引爆器
星之门
同调体反射
断裂的防壁
念力聚能
念力治愈
念导力
光道防护罩
截获
治愈光波镜
常春藤壁
变形斗士·磁铁U
变形斗士·打火机
变形斗士·电子钟
工具起子
突击搜查官
追缉巡逻机
链·修理工
链·锁缚蛇
链·射击手
链·线圈人
力量注射师
风暴召唤师
念力跳跃者
巨大土瓶草
小笔头菜
被诅咒的无花果
猛犸僵尸
哥布林佯动部队
共同战斗的地星剑士
虎龙
卡片反转者
假种子
百机夜工
变形斗士·电线
变形斗士·动力装置
剧毒链
麻痹链
物体显形
芳香风暴
不死式冥界炮
Ω眼镜
战斗狂
混乱箔片
同调合击
复活礼物
破坏神的系谱
二重身回击
变形斗士·监视器
念力触发器
竹头木屑
王墓的陷阱
DNA定期健诊
军神 提尔
音响兵器 罗蕾莱
重型战士
调节支援士
平等交换
限速解除
双剑破坏者
暗黑修理师
变形斗士·弹弓
奥术火人
爆裂佣兵
生命协调体
剑斗兽 盾斗
巨大战舰 巨核Mk-2
扫描仪人
沙漠守护者
十字剑猎手
小蜜蜂
三头毒蛇
反目的从者
变形斗士·老式发动机
爆裂爆发
再爆裂
念力剑
种子弹丸
六武之书
白银防护罩-银色之力-
一半或停止
变形斗士·防护罩
组合变形斗士
爆裂斩
念力调整
超能力治疗
特洛伊剑斗兽
柴战士 太郎
暗绿芽
蔷薇藤蔓
邪恶之棘
变形斗士·摄像机
工具抓手
核成魔神 华拉法
巨脑怪
牛马林神
强化人类 赛克
吉格大王
巨石终极龙
熔岩龙
信赖之心
憎恶之棘
奇异三叶草
变形斗士·修复装置
紧急钢核处分
紧急合成
念力通道
至高的果实
调整抓取
超越死线
邪恶苏生
失控能量
自动式镭射炮
穷鼠的进击
骨木鱼
燕返
强化调整龙
弱者的意志
石龙
速度之王☆骷髅炎鬼
骷髅指挥
阳光妖精
日光独角兽
变形斗士·磁铁I
暗海救生艇
暗海救生圈
核成高速鸟
核成风神
核成全护者
鳞蛾
神龙 阿库阿巴扎
巡洋鲨
铠装念动力人
魔法猫
电子人博士
白面波波
XX-剑士 雷吉格拉
古代深红猿
水压加农炮
剑之辉煌
古之叶
妖精之风
命运旅行
深渊护符
伤害转化
战斗瞬间移动
核心再炼成
钢核的光辉
念力之魂
大爆冷门
雷古勒斯
单宝石小魔女
暗黑蜘蛛
大地蜘蛛
牲祭蜘蛛
间谍蜘蛛
蛛母蜘蛛
爬虫妖女·美杜莎
核成海豹
调整魔术师
树海的射手
红莲魔斗士
能量勇士
文色龙
蜘蛛网
野蛮斗技场
攻击信息素
蜕皮逃生
爬虫妖卵
钢核收纳
金刚真力
未来王的预言
命运继承
蜘蛛卵
无抵抗的真相
地缚神的咆哮
对极限的冲动
永火之力
能力吸收核心
受害者的反击
二重推进器
仪式破势
破邪之刻印
红莲之指名者
罗阿邪神将 阿吉巴
罗汉狮子 宿傩
盾虫
单轮车人
二轮车人
三轮车人
血泪食人魔
力量供给者
魔孔石人
剑圣
蔷薇妖精
爬虫妖女使魔
泣神的石像
密探蜘蛛
XX-剑士 加尔塞姆
黑面波波
碎纸机人
军荼利
爬虫妖怒
上级召唤力
太阳的祭坛
火箭穿心器
破坏抽卡
动力镐
蜘蛛的领域
机器开发工厂
升华之魂
仪式之槛
无欲之壶
同调控制
改变命运
自然反射
蛇绞
流星日珥
荣誉的祭品
破坏疗药
死神的呼声
核心爆破
剑之落穴
机械王-B.C.3000
外星人脑
变更同调士
拦截恶魔
惧龙
信赖守护者
同调磁铁头
永火上膛者
再开的大朵蔷薇
魔法犬
电气长颈鹿
电气狐
电气啄木鸟
记忆破坏王
三角三
三角火龙
正义盟军 核灭虫
零-最大
奇迹之金字塔
火龙镭射
电气立方体
电磁盾
异虫呼唤
冰结界的三方阵
钢核初期化
墓地封印
闪光吸收
永火反射面
空手假象
强袭之魂
花朵炸弹
变形斗士·紧急迎击
武力解除
核成兽的障壁
通向异次元的缝隙
同调驱逐
疾速战士
同调士探索者
半封
荒野的大龙卷
灰尘王 灰划
电镀军曹
德尔塔大日
星屑巨神
赤色星兽 格里兹利
废品防御者
圣骑士 贞德
蔷薇之魔女
幻影魔术士
青蔷薇龙
永火骑士
茫漠的死者
战士猿
封闭的森林
狂吠的大地
魔法师猿
金牙王 兰帝亚
银冠女王 涅瑞娅
No.16 色之支配者
No.11 巨眼
幻影王 幽骑
天狼王 苍狼星
No.22 不乱健
发条装攻 发条王
失X-剑士 招来者
眼盯盯☆魔导辣妹
No.50 黑玉米号
No.15 机关傀儡-巨人杀手
光之创造神 哈拉克提
亲子玉米
黑羽-白夜之短剑鸟
No.40 机关傀儡-天堂弦乐手
黑羽-煌星之怒剑鸟
黑羽-极夜之大马士革刀鸟
炎星皇-晁狮
传说之白龙
传说之黑魔术师
No.69 纹章神 盾徽
No.88 机关傀儡-命运狮子
雷海马
强劲战士
魔导书 星廊
怒怒怒破坏者
机关傀儡-死灵人偶
机关傀儡-磁力人偶
先史遗产 图拉守护者
三段腹骑士
机械龙 动力工具
妖精龙 古代妖
刷拉拉将军
废品傀儡
先史遗产都市 巴比伦
希望破坏炮
闪珖龙 星尘
